<?xml version="1.0" encoding="UTF-8"?>
<!-- Generated by org.testng.reporters.JUnitXMLReporter -->
<testsuite ignored="0" hostname="BN1STN2LVHPC4" failures="1" tests="5" name="regressionTest" time="0.103" errors="0" timestamp="2026-06-04T08:21:45 IST">
  <testcase classname="testNGexamplespkg.TestNGBankExampleFour" name="bankLoginWithFaceID" time="0.007"/>
  <testcase classname="testNGexamplespkg.TestNGBankExampleFour" name="printCard" time="0.017">
    <failure type="java.lang.AssertionError" message="expected [true] but found [false]">
      <![CDATA[java.lang.AssertionError: expected [true] but found [false]
at testNGexamplespkg.TestNGBankExampleFour.printCard(TestNGBankExampleFour.java:30)
at java.base/java.util.ArrayList.forEach(ArrayList.java:1541)
... Removed 31 stack frames]]>
    </failure>
  </testcase> <!-- printCard -->
  <testcase classname="testNGexamplespkg.TestNGBankExampleFour" name="getCreditCard" time="0.0">
    <skipped/>
  </testcase> <!-- getCreditCard -->
  <testcase classname="testNGexamplespkg.TestNGBankExampleFour" name="getForexCard" time="0.001">
    <skipped/>
  </testcase> <!-- getForexCard -->
  <testcase classname="testNGexamplespkg.TestNGBankExampleFour" name="bankLoginWithPassword" time="0.002"/>
</testsuite> <!-- regressionTest -->
