<?xml version="1.0" encoding="UTF-8"?>
<!-- Generated by org.testng.reporters.JUnitXMLReporter -->
<testsuite ignored="0" hostname="Hareeshs-MacBook-Air.local" failures="0" tests="3" name="Test" time="0.167" errors="0" timestamp="2026-06-11T07:46:02 IST">
  <testcase classname="testNGexamplespkg.TestNGFactoryExample" name="loginTest" time="0.017"/>
  <testcase classname="testNGexamplespkg.TestNGFactoryExample" name="loginTest" time="0.002"/>
  <testcase classname="testNGexamplespkg.TestNGFactoryExample" name="loginTest" time="0.005"/>
</testsuite> <!-- Test -->
