<?xml version="1.0" encoding="UTF-8"?>
<!-- Generated by org.testng.reporters.JUnitXMLReporter -->
<testsuite ignored="0" hostname="Hareeshs-MacBook-Air.local" failures="0" tests="8" name="Parallel test run in firefox" time="195.351" errors="0" timestamp="2026-06-10T07:16:38 IST">
  <testcase classname="testNGexamplespkg.TestNGParallelExampleChrome_Safari" name="loginToSauceDemowithDataProvider" time="0.0">
    <skipped/>
  </testcase> <!-- loginToSauceDemowithDataProvider -->
  <testcase classname="testNGexamplespkg.TestNGParallelExampleChrome_Safari" name="loginToSauceDemowithDataProvider" time="0.0">
    <skipped/>
  </testcase> <!-- loginToSauceDemowithDataProvider -->
  <testcase classname="testNGexamplespkg.TestNGParallelExampleChrome_Safari" name="loginToSauceDemowithDataProvider" time="0.0">
    <skipped/>
  </testcase> <!-- loginToSauceDemowithDataProvider -->
  <testcase classname="testNGexamplespkg.TestNGParallelExampleChrome_Safari" name="loginToSauceDemowithInValidDataProvider" time="0.0">
    <skipped/>
  </testcase> <!-- loginToSauceDemowithInValidDataProvider -->
  <testcase classname="testNGexamplespkg.TestNGParallelExampleChrome_Safari" name="loginToSauceDemowithInValidDataProvider" time="0.0">
    <skipped/>
  </testcase> <!-- loginToSauceDemowithInValidDataProvider -->
  <testcase classname="testNGexamplespkg.TestNGParallelExampleChrome_Safari" name="loginToSauceDemowithInValidDataProvider" time="0.0">
    <skipped/>
  </testcase> <!-- loginToSauceDemowithInValidDataProvider -->
  <testcase classname="testNGexamplespkg.TestNGParallelExampleChrome_Safari" name="loginToSauceDemowithInValidDataProvider" time="0.0">
    <skipped/>
  </testcase> <!-- loginToSauceDemowithInValidDataProvider -->
  <testcase classname="testNGexamplespkg.TestNGParallelExampleChrome_Safari" name="loginToSauceDemowithInValidDataProvider" time="0.001">
    <skipped/>
  </testcase> <!-- loginToSauceDemowithInValidDataProvider -->
</testsuite> <!-- Parallel test run in firefox -->
