<?xml version="1.0" encoding="UTF-8"?>
<!-- Generated by org.testng.reporters.JUnitXMLReporter -->
<testsuite ignored="1" hostname="Hareeshs-MacBook-Air.local" failures="0" tests="3" name="Parallel test run in firefox test" time="31.308" errors="0" timestamp="2026-06-09T08:12:51 IST">
  <testcase classname="testNGexamplespkg.TestNGParallelExampleChrome_Safari" name="loginToSauceDemowithDataProvider" time="7.082"/>
  <testcase classname="testNGexamplespkg.TestNGParallelExampleChrome_Safari" name="loginToSauceDemowithDataProvider" time="9.439"/>
  <testcase classname="testNGexamplespkg.TestNGParallelExampleChrome_Safari" name="loginToSauceDemowithDataProvider" time="2.977"/>
  <testcase classname="testNGexamplespkg.TestNGParallelExampleChrome_Safari" name="loginToSauceDemowithInValidDataProvider" time="0.0">
    <ignored/>
  </testcase> <!-- loginToSauceDemowithInValidDataProvider -->
</testsuite> <!-- Parallel test run in firefox test -->
