<?xml version="1.0" encoding="UTF-8"?>
<!-- Generated by org.testng.reporters.JUnitXMLReporter -->
<testsuite ignored="0" hostname="Hareeshs-MacBook-Air.local" failures="0" tests="8" name="Parallel test run in Safari" time="130.282" errors="0" timestamp="2026-06-09T08:01:16 IST">
  <testcase classname="testNGexamplespkg.TestNGParallelExampleChrome_Safari" name="loginToSauceDemowithDataProvider" time="5.766"/>
  <testcase classname="testNGexamplespkg.TestNGParallelExampleChrome_Safari" name="loginToSauceDemowithDataProvider" time="3.329"/>
  <testcase classname="testNGexamplespkg.TestNGParallelExampleChrome_Safari" name="loginToSauceDemowithDataProvider" time="9.352"/>
  <testcase classname="testNGexamplespkg.TestNGParallelExampleChrome_Safari" name="loginToSauceDemowithInValidDataProvider" time="3.333"/>
  <testcase classname="testNGexamplespkg.TestNGParallelExampleChrome_Safari" name="loginToSauceDemowithInValidDataProvider" time="7.185"/>
  <testcase classname="testNGexamplespkg.TestNGParallelExampleChrome_Safari" name="loginToSauceDemowithInValidDataProvider" time="4.723"/>
  <testcase classname="testNGexamplespkg.TestNGParallelExampleChrome_Safari" name="loginToSauceDemowithInValidDataProvider" time="5.474"/>
  <testcase classname="testNGexamplespkg.TestNGParallelExampleChrome_Safari" name="loginToSauceDemowithInValidDataProvider" time="3.488"/>
</testsuite> <!-- Parallel test run in Safari -->
