<?xml version="1.0" encoding="UTF-8"?>
<!-- Generated by org.testng.reporters.JUnitXMLReporter -->
<testsuite ignored="1" hostname="Hareeshs-MacBook-Air.local" failures="0" tests="5" name="Parallel test run in chrome test" time="21.843" errors="0" timestamp="2026-06-09T08:12:19 IST">
  <testcase classname="testNGexamplespkg.TestNGParallelExampleChrome_Safari" name="loginToSauceDemowithInValidDataProvider" time="3.619"/>
  <testcase classname="testNGexamplespkg.TestNGParallelExampleChrome_Safari" name="loginToSauceDemowithInValidDataProvider" time="4.36"/>
  <testcase classname="testNGexamplespkg.TestNGParallelExampleChrome_Safari" name="loginToSauceDemowithInValidDataProvider" time="4.452"/>
  <testcase classname="testNGexamplespkg.TestNGParallelExampleChrome_Safari" name="loginToSauceDemowithInValidDataProvider" time="4.733"/>
  <testcase classname="testNGexamplespkg.TestNGParallelExampleChrome_Safari" name="loginToSauceDemowithInValidDataProvider" time="4.541"/>
  <testcase classname="testNGexamplespkg.TestNGParallelExampleChrome_Safari" name="loginToSauceDemowithDataProvider" time="0.0">
    <ignored/>
  </testcase> <!-- loginToSauceDemowithDataProvider -->
</testsuite> <!-- Parallel test run in chrome test -->
