<?xml version="1.0" encoding="UTF-8"?>
<!-- Generated by org.testng.reporters.JUnitXMLReporter -->
<testsuite ignored="0" hostname="Hareeshs-MacBook-Air.local" failures="1" tests="8" name="TestName" time="8.164" errors="0" timestamp="2026-06-08T08:26:56 IST">
  <testcase classname="testNGexamplespkg.TestNGDataProviderExampleTwo" name="loginToSauceDemowithDataProvider" time="0.994">
    <failure type="org.openqa.selenium.NoSuchElementException" message="no such element: Unable to locate element: {&amp;quot;method&amp;quot;:&amp;quot;xpath&amp;quot;,&amp;quot;selector&amp;quot;:&amp;quot;//div[@data-test=&amp;apos;secondary-header&amp;apos;]/span&amp;quot;}
  (Session info: chrome=148.0.7778.217)
For documentation on this error, please visit: https://www.selenium.dev/documentation/webdriver/troubleshooting/errors#no-such-element-exception
Build info: version: &amp;apos;4.34.0&amp;apos;, revision: &amp;apos;707dcb4246*&amp;apos;
System info: os.name: &amp;apos;Mac OS X&amp;apos;, os.arch: &amp;apos;x86_64&amp;apos;, os.version: &amp;apos;12.7.6&amp;apos;, java.version: &amp;apos;11.0.31&amp;apos;
Driver info: org.openqa.selenium.chrome.ChromeDriver
Command: [fbfefca39c8044e6750528509cee52f0, findElement {using=xpath, value=//div[@data-test=&amp;apos;secondary-header&amp;apos;]/span}]
Capabilities {acceptInsecureCerts: false, browserName: chrome, browserVersion: 148.0.7778.217, chrome: {chromedriverVersion: 148.0.7778.178 (d096af1c9e9..., userDataDir: /var/folders/w7/zh8qxtw15m7...}, fedcm:accounts: true, goog:chromeOptions: {debuggerAddress: localhost:59856}, goog:processID: 4915, networkConnectionEnabled: false, pageLoadStrategy: normal, platformName: mac, proxy: Proxy(), se:cdp: ws://localhost:59856/devtoo..., se:cdpVersion: 148.0.7778.217, setWindowRect: true, strictFileInteractability: false, timeouts: {implicit: 0, pageLoad: 300000, script: 30000}, unhandledPromptBehavior: dismiss and notify, webauthn:extension:credBlob: true, webauthn:extension:largeBlob: true, webauthn:extension:minPinLength: true, webauthn:extension:prf: true, webauthn:virtualAuthenticators: true}
Session ID: fbfefca39c8044e6750528509cee52f0">
      <![CDATA[org.openqa.selenium.NoSuchElementException: no such element: Unable to locate element: {"method":"xpath","selector":"//div[@data-test='secondary-header']/span"}
  (Session info: chrome=148.0.7778.217)
For documentation on this error, please visit: https://www.selenium.dev/documentation/webdriver/troubleshooting/errors#no-such-element-exception
Build info: version: '4.34.0', revision: '707dcb4246*'
System info: os.name: 'Mac OS X', os.arch: 'x86_64', os.version: '12.7.6', java.version: '11.0.31'
Driver info: org.openqa.selenium.chrome.ChromeDriver
Command: [fbfefca39c8044e6750528509cee52f0, findElement {using=xpath, value=//div[@data-test='secondary-header']/span}]
Capabilities {acceptInsecureCerts: false, browserName: chrome, browserVersion: 148.0.7778.217, chrome: {chromedriverVersion: 148.0.7778.178 (d096af1c9e9..., userDataDir: /var/folders/w7/zh8qxtw15m7...}, fedcm:accounts: true, goog:chromeOptions: {debuggerAddress: localhost:59856}, goog:processID: 4915, networkConnectionEnabled: false, pageLoadStrategy: normal, platformName: mac, proxy: Proxy(), se:cdp: ws://localhost:59856/devtoo..., se:cdpVersion: 148.0.7778.217, setWindowRect: true, strictFileInteractability: false, timeouts: {implicit: 0, pageLoad: 300000, script: 30000}, unhandledPromptBehavior: dismiss and notify, webauthn:extension:credBlob: true, webauthn:extension:largeBlob: true, webauthn:extension:minPinLength: true, webauthn:extension:prf: true, webauthn:virtualAuthenticators: true}
Session ID: fbfefca39c8044e6750528509cee52f0
at org.openqa.selenium.remote.ErrorCodec.decode(ErrorCodec.java:167)
at org.openqa.selenium.remote.codec.w3c.W3CHttpResponseCodec.decode(W3CHttpResponseCodec.java:138)
at org.openqa.selenium.remote.codec.w3c.W3CHttpResponseCodec.decode(W3CHttpResponseCodec.java:50)
at org.openqa.selenium.remote.HttpCommandExecutor.execute(HttpCommandExecutor.java:215)
at org.openqa.selenium.remote.service.DriverCommandExecutor.invokeExecute(DriverCommandExecutor.java:216)
at org.openqa.selenium.remote.service.DriverCommandExecutor.execute(DriverCommandExecutor.java:174)
at org.openqa.selenium.remote.RemoteWebDriver.execute(RemoteWebDriver.java:544)
at org.openqa.selenium.remote.ElementLocation$ElementFinder$2.findElement(ElementLocation.java:165)
at org.openqa.selenium.remote.ElementLocation.findElement(ElementLocation.java:59)
at org.openqa.selenium.remote.RemoteWebDriver.findElement(RemoteWebDriver.java:367)
at org.openqa.selenium.remote.RemoteWebDriver.findElement(RemoteWebDriver.java:361)
at testNGexamplespkg.TestNGDataProviderExampleTwo.loginToSauceDemowithDataProvider(TestNGDataProviderExampleTwo.java:75)
at java.base/java.util.ArrayList.forEach(ArrayList.java:1541)
at java.base/java.util.concurrent.FutureTask.run(FutureTask.java:264)
at java.base/java.util.concurrent.ThreadPoolExecutor.runWorker(ThreadPoolExecutor.java:1128)
at java.base/java.util.concurrent.ThreadPoolExecutor$Worker.run(ThreadPoolExecutor.java:628)
at java.base/java.lang.Thread.run(Thread.java:829)
... Removed 21 stack frames]]>
    </failure>
  </testcase> <!-- loginToSauceDemowithDataProvider -->
  <testcase classname="testNGexamplespkg.TestNGDataProviderExampleTwo" name="loginToSauceDemowithDataProvider" time="0.0">
    <skipped/>
  </testcase> <!-- loginToSauceDemowithDataProvider -->
  <testcase classname="testNGexamplespkg.TestNGDataProviderExampleTwo" name="loginToSauceDemowithDataProvider" time="0.0">
    <skipped/>
  </testcase> <!-- loginToSauceDemowithDataProvider -->
  <testcase classname="testNGexamplespkg.TestNGDataProviderExampleTwo" name="loginToSauceDemowithInValidDataProvider" time="0.0">
    <skipped/>
  </testcase> <!-- loginToSauceDemowithInValidDataProvider -->
  <testcase classname="testNGexamplespkg.TestNGDataProviderExampleTwo" name="loginToSauceDemowithInValidDataProvider" time="0.0">
    <skipped/>
  </testcase> <!-- loginToSauceDemowithInValidDataProvider -->
  <testcase classname="testNGexamplespkg.TestNGDataProviderExampleTwo" name="loginToSauceDemowithInValidDataProvider" time="0.0">
    <skipped/>
  </testcase> <!-- loginToSauceDemowithInValidDataProvider -->
  <testcase classname="testNGexamplespkg.TestNGDataProviderExampleTwo" name="loginToSauceDemowithInValidDataProvider" time="0.0">
    <skipped/>
  </testcase> <!-- loginToSauceDemowithInValidDataProvider -->
  <testcase classname="testNGexamplespkg.TestNGDataProviderExampleTwo" name="loginToSauceDemowithInValidDataProvider" time="0.0">
    <skipped/>
  </testcase> <!-- loginToSauceDemowithInValidDataProvider -->
</testsuite> <!-- TestName -->
