<?xml version="1.0" encoding="UTF-8"?>
<!-- Generated by org.testng.reporters.JUnitXMLReporter -->
<testsuite ignored="0" hostname="Hareeshs-MacBook-Air.local" failures="1" tests="3" name="Test" time="14.852" errors="0" timestamp="2026-06-11T07:18:32 IST">
  <testcase classname="testReporterPackage.TestExtentReport" name="failure" time="0.116">
    <failure type="java.lang.AssertionError" message="expected [true] but found [false]">
      <![CDATA[java.lang.AssertionError: expected [true] but found [false]
at testReporterPackage.TestExtentReport.failure(TestExtentReport.java:30)
at java.base/java.util.ArrayList.forEach(ArrayList.java:1541)
... Removed 31 stack frames]]>
    </failure>
  </testcase> <!-- failure -->
  <testcase classname="testReporterPackage.TestExtentReport" name="success" time="0.002"/>
  <testcase classname="testReporterPackage.TestExtentReport" name="skipped" time="0.0">
    <skipped/>
  </testcase> <!-- skipped -->
</testsuite> <!-- Test -->
