<?xml version="1.0" encoding="UTF-8"?>
<!-- Generated by org.testng.reporters.JUnitXMLReporter -->
<testsuite ignored="2" hostname="BN1STN2LVHPC4" failures="0" tests="8" name="GRP-regression" time="0.106" errors="0" timestamp="2026-06-03T07:25:27 IST">
  <testcase classname="testNGexamplespkg.TestNGExampleTwo" name="login" time="0.008"/>
  <testcase classname="testNGexamplespkg.TestNGExampleTwo" name="search" time="0.002"/>
  <testcase classname="testNGexamplespkg.TestNGExampleTwo" name="productDetails" time="0.001"/>
  <testcase classname="testNGexamplespkg.TestNGExampleTwo" name="productDetails" time="0.001"/>
  <testcase classname="testNGexamplespkg.TestNGExampleTwo" name="productDetails" time="0.001"/>
  <testcase classname="testNGexamplespkg.TestNGExampleTwo" name="productDetails" time="0.001"/>
  <testcase classname="testNGexamplespkg.TestNGExampleTwo" name="payment" time="0.002"/>
  <testcase classname="testNGexamplespkg.TestNGExampleTwo" name="logout" time="0.001"/>
  <testcase classname="testNGexamplespkg.TestNGExampleTwo" name="guestLogin" time="0.0">
    <ignored/>
  </testcase> <!-- guestLogin -->
  <testcase classname="testNGexamplespkg.TestNGExampleTwo" name="orderDetails" time="0.0">
    <ignored/>
  </testcase> <!-- orderDetails -->
</testsuite> <!-- GRP-regression -->
