<?xml version="1.0" encoding="UTF-8"?>
<!-- Generated by org.testng.reporters.JUnitReportReporter -->
<testsuite hostname="Hareeshs-MacBook-Air.local" failures="2" tests="8" name="testNGexamplespkg.TestNGParallelExampleChrome" time="278.642" errors="0" timestamp="2026-06-09T07:41:35 IST" skipped="0">
  <testcase classname="testNGexamplespkg.TestNGParallelExampleChrome" name="loginToSauceDemowithInValidDataProvider" time="36.207"/>
  <testcase classname="testNGexamplespkg.TestNGParallelExampleChrome" name="loginToSauceDemowithInValidDataProvider" time="33.400">
    <failure message="The following asserts failed:
	Error userName=&#039;&#039;, Password=&#039;&#039; expected [Epic sadface: Username is required] but found [Epic sadface: Username and password do not match any user in this service]" type="java.lang.AssertionError">
      <![CDATA[java.lang.AssertionError: The following asserts failed:
Error userName='', Password='' expected [Epic sadface: Username is required] but found [Epic sadface: Username and password do not match any user in this service]
at org.testng.asserts.SoftAssert.assertAll(SoftAssert.java:46)
at org.testng.asserts.SoftAssert.assertAll(SoftAssert.java:30)
at testNGexamplespkg.TestNGParallelExampleChrome.loginToSauceDemowithInValidDataProvider(TestNGParallelExampleChrome.java:93)
at java.base/jdk.internal.reflect.NativeMethodAccessorImpl.invoke0(Native Method)
at java.base/jdk.internal.reflect.NativeMethodAccessorImpl.invoke(NativeMethodAccessorImpl.java:62)
at java.base/jdk.internal.reflect.DelegatingMethodAccessorImpl.invoke(DelegatingMethodAccessorImpl.java:43)
at java.base/java.lang.reflect.Method.invoke(Method.java:566)
at org.testng.internal.invokers.MethodInvocationHelper.invokeMethod(MethodInvocationHelper.java:141)
at org.testng.internal.invokers.TestInvoker.invokeMethod(TestInvoker.java:687)
at org.testng.internal.invokers.TestInvoker.invokeTestMethod(TestInvoker.java:230)
at org.testng.internal.invokers.TestMethodWithDataProviderMethodWorker.call(TestMethodWithDataProviderMethodWorker.java:81)
at org.testng.internal.thread.Async$AsyncTask.run(Async.java:34)
at java.base/java.util.concurrent.ThreadPoolExecutor.runWorker(ThreadPoolExecutor.java:1128)
at java.base/java.util.concurrent.ThreadPoolExecutor$Worker.run(ThreadPoolExecutor.java:628)
at java.base/java.lang.Thread.run(Thread.java:829)
]]>
    </failure>
  </testcase> <!-- loginToSauceDemowithInValidDataProvider -->
  <testcase classname="testNGexamplespkg.TestNGParallelExampleChrome" name="loginToSauceDemowithDataProvider" time="34.120"/>
  <testcase classname="testNGexamplespkg.TestNGParallelExampleChrome" name="loginToSauceDemowithInValidDataProvider" time="33.340"/>
  <testcase classname="testNGexamplespkg.TestNGParallelExampleChrome" name="loginToSauceDemowithInValidDataProvider" time="35.519"/>
  <testcase classname="testNGexamplespkg.TestNGParallelExampleChrome" name="loginToSauceDemowithDataProvider" time="38.435"/>
  <testcase classname="testNGexamplespkg.TestNGParallelExampleChrome" name="loginToSauceDemowithDataProvider" time="34.867"/>
  <testcase classname="testNGexamplespkg.TestNGParallelExampleChrome" name="loginToSauceDemowithInValidDataProvider" time="32.754">
    <failure message="The following asserts failed:
	Error userName=&#039;standard_user&#039;, Password=&#039;&#039; expected [Epic sadface: Password is required] but found [Epic sadface: Username and password do not match any user in this service]" type="java.lang.AssertionError">
      <![CDATA[java.lang.AssertionError: The following asserts failed:
Error userName='standard_user', Password='' expected [Epic sadface: Password is required] but found [Epic sadface: Username and password do not match any user in this service]
at org.testng.asserts.SoftAssert.assertAll(SoftAssert.java:46)
at org.testng.asserts.SoftAssert.assertAll(SoftAssert.java:30)
at testNGexamplespkg.TestNGParallelExampleChrome.loginToSauceDemowithInValidDataProvider(TestNGParallelExampleChrome.java:93)
at java.base/jdk.internal.reflect.NativeMethodAccessorImpl.invoke0(Native Method)
at java.base/jdk.internal.reflect.NativeMethodAccessorImpl.invoke(NativeMethodAccessorImpl.java:62)
at java.base/jdk.internal.reflect.DelegatingMethodAccessorImpl.invoke(DelegatingMethodAccessorImpl.java:43)
at java.base/java.lang.reflect.Method.invoke(Method.java:566)
at org.testng.internal.invokers.MethodInvocationHelper.invokeMethod(MethodInvocationHelper.java:141)
at org.testng.internal.invokers.TestInvoker.invokeMethod(TestInvoker.java:687)
at org.testng.internal.invokers.TestInvoker.invokeTestMethod(TestInvoker.java:230)
at org.testng.internal.invokers.TestMethodWithDataProviderMethodWorker.call(TestMethodWithDataProviderMethodWorker.java:81)
at org.testng.internal.thread.Async$AsyncTask.run(Async.java:34)
at java.base/java.util.concurrent.ThreadPoolExecutor.runWorker(ThreadPoolExecutor.java:1128)
at java.base/java.util.concurrent.ThreadPoolExecutor$Worker.run(ThreadPoolExecutor.java:628)
at java.base/java.lang.Thread.run(Thread.java:829)
]]>
    </failure>
  </testcase> <!-- loginToSauceDemowithInValidDataProvider -->
</testsuite> <!-- testNGexamplespkg.TestNGParallelExampleChrome -->
