<?xml version="1.0" encoding="UTF-8"?>
<!-- Generated by org.testng.reporters.JUnitReportReporter -->
<testsuite hostname="Hareeshs-MacBook-Air.local" failures="0" tests="19" name="testNGexamplespkg.TestNGParallelExampleChrome_Safari" time="569.395" errors="3" timestamp="2026-06-10T07:16:38 IST" skipped="8">
  <testcase classname="testNGexamplespkg.TestNGParallelExampleChrome_Safari" name="setup" time="46.237">
    <error message="Could not start a new session. Response code 500. Message: Could not create a session: The session timed out while connecting to a Safari instance. 
Host info: host: &#039;Hareeshs-MacBook-Air.local&#039;, ip: &#039;2406:7400:113:2d4:e815:9acb:fc51:1241%en0&#039;
Build info: version: &#039;4.34.0&#039;, revision: &#039;707dcb4246*&#039;
System info: os.name: &#039;Mac OS X&#039;, os.arch: &#039;x86_64&#039;, os.version: &#039;12.7.6&#039;, java.version: &#039;11.0.31&#039;
Driver info: org.openqa.selenium.safari.SafariDriver
Command: [null, newSession {capabilities=[Capabilities {browserName: safari}]}]
Capabilities {browserName: safari}" type="org.openqa.selenium.SessionNotCreatedException">
      <![CDATA[org.openqa.selenium.SessionNotCreatedException: Could not start a new session. Response code 500. Message: Could not create a session: The session timed out while connecting to a Safari instance. 
Host info: host: 'Hareeshs-MacBook-Air.local', ip: '2406:7400:113:2d4:e815:9acb:fc51:1241%en0'
Build info: version: '4.34.0', revision: '707dcb4246*'
System info: os.name: 'Mac OS X', os.arch: 'x86_64', os.version: '12.7.6', java.version: '11.0.31'
Driver info: org.openqa.selenium.safari.SafariDriver
Command: [null, newSession {capabilities=[Capabilities {browserName: safari}]}]
Capabilities {browserName: safari}
at org.openqa.selenium.remote.ProtocolHandshake.createSession(ProtocolHandshake.java:114)
at org.openqa.selenium.remote.ProtocolHandshake.createSession(ProtocolHandshake.java:75)
at org.openqa.selenium.remote.ProtocolHandshake.createSession(ProtocolHandshake.java:61)
at org.openqa.selenium.remote.HttpCommandExecutor.execute(HttpCommandExecutor.java:187)
at org.openqa.selenium.remote.service.DriverCommandExecutor.invokeExecute(DriverCommandExecutor.java:216)
at org.openqa.selenium.remote.service.DriverCommandExecutor.execute(DriverCommandExecutor.java:174)
at org.openqa.selenium.remote.RemoteWebDriver.execute(RemoteWebDriver.java:544)
at org.openqa.selenium.remote.RemoteWebDriver.startSession(RemoteWebDriver.java:244)
at org.openqa.selenium.remote.RemoteWebDriver.<init>(RemoteWebDriver.java:173)
at org.openqa.selenium.safari.SafariDriver.<init>(SafariDriver.java:84)
at org.openqa.selenium.safari.SafariDriver.<init>(SafariDriver.java:80)
at org.openqa.selenium.safari.SafariDriver.<init>(SafariDriver.java:57)
at org.openqa.selenium.safari.SafariDriver.<init>(SafariDriver.java:48)
at automationExamples.BaseTestThreadLocal.initializeDriver(BaseTestThreadLocal.java:58)
at testNGexamplespkg.TestNGParallelExampleChrome_Safari.setup(TestNGParallelExampleChrome_Safari.java:56)
at java.base/jdk.internal.reflect.NativeMethodAccessorImpl.invoke0(Native Method)
at java.base/jdk.internal.reflect.NativeMethodAccessorImpl.invoke(NativeMethodAccessorImpl.java:62)
at java.base/jdk.internal.reflect.DelegatingMethodAccessorImpl.invoke(DelegatingMethodAccessorImpl.java:43)
at java.base/java.lang.reflect.Method.invoke(Method.java:566)
at org.testng.internal.invokers.MethodInvocationHelper.invokeMethod(MethodInvocationHelper.java:141)
at org.testng.internal.invokers.MethodInvocationHelper.invokeMethodConsideringTimeout(MethodInvocationHelper.java:71)
at org.testng.internal.invokers.ConfigInvoker.invokeConfigurationMethod(ConfigInvoker.java:400)
at org.testng.internal.invokers.ConfigInvoker.invokeConfigurations(ConfigInvoker.java:333)
at org.testng.internal.invokers.TestInvoker.runConfigMethods(TestInvoker.java:836)
at org.testng.internal.invokers.TestInvoker.invokeMethod(TestInvoker.java:601)
at org.testng.internal.invokers.TestInvoker.invokeTestMethod(TestInvoker.java:230)
at org.testng.internal.invokers.TestMethodWithDataProviderMethodWorker.call(TestMethodWithDataProviderMethodWorker.java:81)
at org.testng.internal.thread.Async$AsyncTask.run(Async.java:34)
at java.base/java.util.concurrent.ThreadPoolExecutor.runWorker(ThreadPoolExecutor.java:1128)
at java.base/java.util.concurrent.ThreadPoolExecutor$Worker.run(ThreadPoolExecutor.java:628)
at java.base/java.lang.Thread.run(Thread.java:829)
]]>
    </error>
  </testcase> <!-- setup -->
  <testcase classname="testNGexamplespkg.TestNGParallelExampleChrome_Safari" name="loginToSauceDemowithDataProvider" time="22.658"/>
  <testcase classname="testNGexamplespkg.TestNGParallelExampleChrome_Safari" name="loginToSauceDemowithInValidDataProvider" time="0.000">
    <skipped/>
  </testcase> <!-- loginToSauceDemowithInValidDataProvider -->
  <testcase classname="testNGexamplespkg.TestNGParallelExampleChrome_Safari" name="loginToSauceDemowithDataProvider" time="24.246"/>
  <testcase classname="testNGexamplespkg.TestNGParallelExampleChrome_Safari" name="setup" time="46.237">
    <error message="Could not start a new session. Response code 500. Message: Could not create a session: The session timed out while connecting to a Safari instance. 
Host info: host: &#039;Hareeshs-MacBook-Air.local&#039;, ip: &#039;2406:7400:113:2d4:e815:9acb:fc51:1241%en0&#039;
Build info: version: &#039;4.34.0&#039;, revision: &#039;707dcb4246*&#039;
System info: os.name: &#039;Mac OS X&#039;, os.arch: &#039;x86_64&#039;, os.version: &#039;12.7.6&#039;, java.version: &#039;11.0.31&#039;
Driver info: org.openqa.selenium.safari.SafariDriver
Command: [null, newSession {capabilities=[Capabilities {browserName: safari}]}]
Capabilities {browserName: safari}" type="org.openqa.selenium.SessionNotCreatedException">
      <![CDATA[org.openqa.selenium.SessionNotCreatedException: Could not start a new session. Response code 500. Message: Could not create a session: The session timed out while connecting to a Safari instance. 
Host info: host: 'Hareeshs-MacBook-Air.local', ip: '2406:7400:113:2d4:e815:9acb:fc51:1241%en0'
Build info: version: '4.34.0', revision: '707dcb4246*'
System info: os.name: 'Mac OS X', os.arch: 'x86_64', os.version: '12.7.6', java.version: '11.0.31'
Driver info: org.openqa.selenium.safari.SafariDriver
Command: [null, newSession {capabilities=[Capabilities {browserName: safari}]}]
Capabilities {browserName: safari}
at org.openqa.selenium.remote.ProtocolHandshake.createSession(ProtocolHandshake.java:114)
at org.openqa.selenium.remote.ProtocolHandshake.createSession(ProtocolHandshake.java:75)
at org.openqa.selenium.remote.ProtocolHandshake.createSession(ProtocolHandshake.java:61)
at org.openqa.selenium.remote.HttpCommandExecutor.execute(HttpCommandExecutor.java:187)
at org.openqa.selenium.remote.service.DriverCommandExecutor.invokeExecute(DriverCommandExecutor.java:216)
at org.openqa.selenium.remote.service.DriverCommandExecutor.execute(DriverCommandExecutor.java:174)
at org.openqa.selenium.remote.RemoteWebDriver.execute(RemoteWebDriver.java:544)
at org.openqa.selenium.remote.RemoteWebDriver.startSession(RemoteWebDriver.java:244)
at org.openqa.selenium.remote.RemoteWebDriver.<init>(RemoteWebDriver.java:173)
at org.openqa.selenium.safari.SafariDriver.<init>(SafariDriver.java:84)
at org.openqa.selenium.safari.SafariDriver.<init>(SafariDriver.java:80)
at org.openqa.selenium.safari.SafariDriver.<init>(SafariDriver.java:57)
at org.openqa.selenium.safari.SafariDriver.<init>(SafariDriver.java:48)
at automationExamples.BaseTestThreadLocal.initializeDriver(BaseTestThreadLocal.java:58)
at testNGexamplespkg.TestNGParallelExampleChrome_Safari.setup(TestNGParallelExampleChrome_Safari.java:56)
at java.base/jdk.internal.reflect.NativeMethodAccessorImpl.invoke0(Native Method)
at java.base/jdk.internal.reflect.NativeMethodAccessorImpl.invoke(NativeMethodAccessorImpl.java:62)
at java.base/jdk.internal.reflect.DelegatingMethodAccessorImpl.invoke(DelegatingMethodAccessorImpl.java:43)
at java.base/java.lang.reflect.Method.invoke(Method.java:566)
at org.testng.internal.invokers.MethodInvocationHelper.invokeMethod(MethodInvocationHelper.java:141)
at org.testng.internal.invokers.MethodInvocationHelper.invokeMethodConsideringTimeout(MethodInvocationHelper.java:71)
at org.testng.internal.invokers.ConfigInvoker.invokeConfigurationMethod(ConfigInvoker.java:400)
at org.testng.internal.invokers.ConfigInvoker.invokeConfigurations(ConfigInvoker.java:333)
at org.testng.internal.invokers.TestInvoker.runConfigMethods(TestInvoker.java:836)
at org.testng.internal.invokers.TestInvoker.invokeMethod(TestInvoker.java:601)
at org.testng.internal.invokers.TestInvoker.invokeTestMethod(TestInvoker.java:230)
at org.testng.internal.invokers.TestMethodWithDataProviderMethodWorker.call(TestMethodWithDataProviderMethodWorker.java:81)
at org.testng.internal.thread.Async$AsyncTask.run(Async.java:34)
at java.base/java.util.concurrent.ThreadPoolExecutor.runWorker(ThreadPoolExecutor.java:1128)
at java.base/java.util.concurrent.ThreadPoolExecutor$Worker.run(ThreadPoolExecutor.java:628)
at java.base/java.lang.Thread.run(Thread.java:829)
]]>
    </error>
  </testcase> <!-- setup -->
  <testcase classname="testNGexamplespkg.TestNGParallelExampleChrome_Safari" name="loginToSauceDemowithInValidDataProvider" time="0.000">
    <skipped/>
  </testcase> <!-- loginToSauceDemowithInValidDataProvider -->
  <testcase classname="testNGexamplespkg.TestNGParallelExampleChrome_Safari" name="loginToSauceDemowithInValidDataProvider" time="22.633"/>
  <testcase classname="testNGexamplespkg.TestNGParallelExampleChrome_Safari" name="loginToSauceDemowithInValidDataProvider" time="0.000">
    <skipped/>
  </testcase> <!-- loginToSauceDemowithInValidDataProvider -->
  <testcase classname="testNGexamplespkg.TestNGParallelExampleChrome_Safari" name="loginToSauceDemowithInValidDataProvider" time="0.001">
    <skipped/>
  </testcase> <!-- loginToSauceDemowithInValidDataProvider -->
  <testcase classname="testNGexamplespkg.TestNGParallelExampleChrome_Safari" name="loginToSauceDemowithInValidDataProvider" time="57.079"/>
  <testcase classname="testNGexamplespkg.TestNGParallelExampleChrome_Safari" name="loginToSauceDemowithDataProvider" time="0.000">
    <skipped/>
  </testcase> <!-- loginToSauceDemowithDataProvider -->
  <testcase classname="testNGexamplespkg.TestNGParallelExampleChrome_Safari" name="loginToSauceDemowithInValidDataProvider" time="0.000">
    <skipped/>
  </testcase> <!-- loginToSauceDemowithInValidDataProvider -->
  <testcase classname="testNGexamplespkg.TestNGParallelExampleChrome_Safari" name="loginToSauceDemowithDataProvider" time="0.000">
    <skipped/>
  </testcase> <!-- loginToSauceDemowithDataProvider -->
  <testcase classname="testNGexamplespkg.TestNGParallelExampleChrome_Safari" name="setup" time="195.096">
    <error message="Could not start a new session. Possible causes are invalid address of the remote server or browser start-up failure. 
Host info: host: &#039;Hareeshs-MacBook-Air.local&#039;, ip: &#039;2406:7400:113:2d4:e815:9acb:fc51:1241%en0&#039;" type="org.openqa.selenium.SessionNotCreatedException">
      <![CDATA[org.openqa.selenium.SessionNotCreatedException: Could not start a new session. Possible causes are invalid address of the remote server or browser start-up failure. 
Host info: host: 'Hareeshs-MacBook-Air.local', ip: '2406:7400:113:2d4:e815:9acb:fc51:1241%en0'
at org.openqa.selenium.remote.RemoteWebDriver.execute(RemoteWebDriver.java:562)
at org.openqa.selenium.remote.RemoteWebDriver.startSession(RemoteWebDriver.java:244)
at org.openqa.selenium.remote.RemoteWebDriver.<init>(RemoteWebDriver.java:173)
at org.openqa.selenium.safari.SafariDriver.<init>(SafariDriver.java:84)
at org.openqa.selenium.safari.SafariDriver.<init>(SafariDriver.java:80)
at org.openqa.selenium.safari.SafariDriver.<init>(SafariDriver.java:57)
at org.openqa.selenium.safari.SafariDriver.<init>(SafariDriver.java:48)
at automationExamples.BaseTestThreadLocal.initializeDriver(BaseTestThreadLocal.java:58)
at testNGexamplespkg.TestNGParallelExampleChrome_Safari.setup(TestNGParallelExampleChrome_Safari.java:56)
at java.base/jdk.internal.reflect.NativeMethodAccessorImpl.invoke0(Native Method)
at java.base/jdk.internal.reflect.NativeMethodAccessorImpl.invoke(NativeMethodAccessorImpl.java:62)
at java.base/jdk.internal.reflect.DelegatingMethodAccessorImpl.invoke(DelegatingMethodAccessorImpl.java:43)
at java.base/java.lang.reflect.Method.invoke(Method.java:566)
at org.testng.internal.invokers.MethodInvocationHelper.invokeMethod(MethodInvocationHelper.java:141)
at org.testng.internal.invokers.MethodInvocationHelper.invokeMethodConsideringTimeout(MethodInvocationHelper.java:71)
at org.testng.internal.invokers.ConfigInvoker.invokeConfigurationMethod(ConfigInvoker.java:400)
at org.testng.internal.invokers.ConfigInvoker.invokeConfigurations(ConfigInvoker.java:333)
at org.testng.internal.invokers.TestInvoker.runConfigMethods(TestInvoker.java:836)
at org.testng.internal.invokers.TestInvoker.invokeMethod(TestInvoker.java:601)
at org.testng.internal.invokers.TestInvoker.invokeTestMethod(TestInvoker.java:230)
at org.testng.internal.invokers.TestMethodWithDataProviderMethodWorker.call(TestMethodWithDataProviderMethodWorker.java:81)
at org.testng.internal.thread.Async$AsyncTask.run(Async.java:34)
at java.base/java.util.concurrent.ThreadPoolExecutor.runWorker(ThreadPoolExecutor.java:1128)
at java.base/java.util.concurrent.ThreadPoolExecutor$Worker.run(ThreadPoolExecutor.java:628)
at java.base/java.lang.Thread.run(Thread.java:829)
Caused by: org.openqa.selenium.TimeoutException: java.util.concurrent.TimeoutException
Build info: version: '4.34.0', revision: '707dcb4246*'
System info: os.name: 'Mac OS X', os.arch: 'x86_64', os.version: '12.7.6', java.version: '11.0.31'
Driver info: driver.version: SafariDriver
at org.openqa.selenium.remote.http.jdk.JdkHttpClient.execute(JdkHttpClient.java:427)
at org.openqa.selenium.remote.ProtocolHandshake.createSession(ProtocolHandshake.java:89)
at org.openqa.selenium.remote.ProtocolHandshake.createSession(ProtocolHandshake.java:75)
at org.openqa.selenium.remote.ProtocolHandshake.createSession(ProtocolHandshake.java:61)
at org.openqa.selenium.remote.HttpCommandExecutor.execute(HttpCommandExecutor.java:187)
at org.openqa.selenium.remote.service.DriverCommandExecutor.invokeExecute(DriverCommandExecutor.java:216)
at org.openqa.selenium.remote.service.DriverCommandExecutor.execute(DriverCommandExecutor.java:174)
at org.openqa.selenium.remote.RemoteWebDriver.execute(RemoteWebDriver.java:544)
... 24 more
Caused by: java.util.concurrent.TimeoutException
at java.base/java.util.concurrent.CompletableFuture$Timeout.run(CompletableFuture.java:2798)
at java.base/java.util.concurrent.Executors$RunnableAdapter.call(Executors.java:515)
at java.base/java.util.concurrent.FutureTask.run(FutureTask.java:264)
at java.base/java.util.concurrent.ScheduledThreadPoolExecutor$ScheduledFutureTask.run(ScheduledThreadPoolExecutor.java:304)
... 3 more
]]>
    </error>
  </testcase> <!-- setup -->
  <testcase classname="testNGexamplespkg.TestNGParallelExampleChrome_Safari" name="loginToSauceDemowithDataProvider" time="23.985"/>
  <testcase classname="testNGexamplespkg.TestNGParallelExampleChrome_Safari" name="loginToSauceDemowithDataProvider" time="0.000">
    <skipped/>
  </testcase> <!-- loginToSauceDemowithDataProvider -->
  <testcase classname="testNGexamplespkg.TestNGParallelExampleChrome_Safari" name="loginToSauceDemowithInValidDataProvider" time="57.125"/>
  <testcase classname="testNGexamplespkg.TestNGParallelExampleChrome_Safari" name="loginToSauceDemowithInValidDataProvider" time="18.929"/>
  <testcase classname="testNGexamplespkg.TestNGParallelExampleChrome_Safari" name="loginToSauceDemowithInValidDataProvider" time="55.169"/>
</testsuite> <!-- testNGexamplespkg.TestNGParallelExampleChrome_Safari -->
