<?xml version="1.0" encoding="UTF-8"?>
<!-- Generated by org.testng.reporters.JUnitReportReporter -->
<testsuite hostname="BN1STN2LVHPC4" failures="0" tests="3" name="testNGexamplespkg.TestNGBankExampleThree" time="0.013" errors="0" timestamp="2026-06-04T08:07:54 IST" skipped="0">
  <testcase classname="testNGexamplespkg.TestNGBankExampleThree" name="carLoanApplication" time="0.001"/>
  <testcase classname="testNGexamplespkg.TestNGBankExampleThree" name="creditCardLoanApplication" time="0.002"/>
  <testcase classname="testNGexamplespkg.TestNGBankExampleThree" name="homeLoanApplication" time="0.010"/>
</testsuite> <!-- testNGexamplespkg.TestNGBankExampleThree -->
