<?xml version="1.0" encoding="UTF-8"?>
<!-- Generated by org.testng.reporters.JUnitReportReporter -->
<testsuite hostname="Hareeshs-MacBook-Air.local" failures="0" tests="6" name="testNGexamplespkg.TestNGFactoryExample" time="48.390" errors="0" timestamp="2026-06-11T07:48:24 IST" skipped="0">
  <testcase classname="testNGexamplespkg.TestNGFactoryExample" name="loginTest" time="0.016"/>
  <testcase classname="testNGexamplespkg.TestNGFactoryExample" name="loginTest" time="0.003"/>
  <testcase classname="testNGexamplespkg.TestNGFactoryExample" name="loginToSauceDemowithDataProvider" time="15.634"/>
  <testcase classname="testNGexamplespkg.TestNGFactoryExample" name="loginTest" time="0.003"/>
  <testcase classname="testNGexamplespkg.TestNGFactoryExample" name="loginToSauceDemowithDataProvider" time="13.387"/>
  <testcase classname="testNGexamplespkg.TestNGFactoryExample" name="loginToSauceDemowithDataProvider" time="19.347"/>
</testsuite> <!-- testNGexamplespkg.TestNGFactoryExample -->
