<?xml version="1.0" encoding="UTF-8"?>
<!-- Generated by org.testng.reporters.JUnitReportReporter -->
<testsuite hostname="BN1STN2LVHPC4" failures="0" tests="2" name="testNGexamplespkg.TestNGExampleThree" time="0.011" errors="0" timestamp="2026-06-04T07:08:20 IST" skipped="0">
  <testcase classname="testNGexamplespkg.TestNGExampleThree" name="filter" time="0.007"/>
  <testcase classname="testNGexamplespkg.TestNGExampleThree" name="search" time="0.004"/>
</testsuite> <!-- testNGexamplespkg.TestNGExampleThree -->
