<?xml version="1.0" encoding="UTF-8"?>
<!-- Generated by org.testng.reporters.JUnitReportReporter -->
<testsuite hostname="BN1STN2LVHPC4" failures="0" tests="3" name="automationExamples.TestNGOne" time="0.012" errors="0" timestamp="2026-05-31T23:06:56 IST" skipped="0">
  <testcase classname="automationExamples.TestNGOne" name="addToCart" time="0.009"/>
  <testcase classname="automationExamples.TestNGOne" name="logOut" time="0.002"/>
  <testcase classname="automationExamples.TestNGOne" name="login" time="0.001"/>
</testsuite> <!-- automationExamples.TestNGOne -->
