<?xml version="1.0" encoding="UTF-8"?>
<!-- Generated by org.testng.reporters.JUnitReportReporter -->
<testsuite hostname="BN1STN2LVHPC4" failures="0" tests="10" name="testNGexamplespkg.TestNGExampleTwo" time="0.015" errors="0" timestamp="2026-06-03T08:01:04 IST" skipped="0">
  <testcase classname="testNGexamplespkg.TestNGExampleTwo" name="guestLogin" time="0.006"/>
  <testcase classname="testNGexamplespkg.TestNGExampleTwo" name="login" time="0.003"/>
  <testcase classname="testNGexamplespkg.TestNGExampleTwo" name="search" time="0.000"/>
  <testcase classname="testNGexamplespkg.TestNGExampleTwo" name="productDetails" time="0.001"/>
  <testcase classname="testNGexamplespkg.TestNGExampleTwo" name="productDetails" time="0.001"/>
  <testcase classname="testNGexamplespkg.TestNGExampleTwo" name="productDetails" time="0.001"/>
  <testcase classname="testNGexamplespkg.TestNGExampleTwo" name="productDetails" time="0.000"/>
  <testcase classname="testNGexamplespkg.TestNGExampleTwo" name="payment" time="0.001"/>
  <testcase classname="testNGexamplespkg.TestNGExampleTwo" name="orderDetails" time="0.001"/>
  <testcase classname="testNGexamplespkg.TestNGExampleTwo" name="logout" time="0.001"/>
</testsuite> <!-- testNGexamplespkg.TestNGExampleTwo -->
