<?xml version="1.0" encoding="UTF-8"?>
<!-- Generated by org.testng.reporters.JUnitReportReporter -->
<testsuite hostname="BN1STN2LVHPC4" failures="0" tests="7" name="testNGexamplespkg.TestNGExampleOne" time="0.008" errors="0" timestamp="2026-06-03T08:01:30 IST" skipped="0">
  <testcase classname="testNGexamplespkg.TestNGExampleOne" name="guestLogin" time="0.002"/>
  <testcase classname="testNGexamplespkg.TestNGExampleOne" name="login" time="0.002"/>
  <testcase classname="testNGexamplespkg.TestNGExampleOne" name="search" time="0.001"/>
  <testcase classname="testNGexamplespkg.TestNGExampleOne" name="productDetails" time="0.001"/>
  <testcase classname="testNGexamplespkg.TestNGExampleOne" name="addToCart" time="0.000"/>
  <testcase classname="testNGexamplespkg.TestNGExampleOne" name="payment" time="0.001"/>
  <testcase classname="testNGexamplespkg.TestNGExampleOne" name="logout" time="0.001"/>
</testsuite> <!-- testNGexamplespkg.TestNGExampleOne -->
