<?xml version="1.0" encoding="UTF-8"?>
<!-- Generated by org.testng.reporters.JUnitReportReporter -->
<testsuite hostname="Hareeshs-MacBook-Air.local" failures="0" tests="3" name="testNGexamplespkg.TestNGDataProviderExample" time="45.248" errors="0" timestamp="2026-06-07T22:21:27 IST" skipped="0">
  <testcase classname="testNGexamplespkg.TestNGDataProviderExample" name="loginToSauceDemowithDataProvider" time="12.518"/>
  <testcase classname="testNGexamplespkg.TestNGDataProviderExample" name="loginToSauceDemowithDataProvider" time="18.164"/>
  <testcase classname="testNGexamplespkg.TestNGDataProviderExample" name="loginToSauceDemowithDataProvider" time="14.566"/>
</testsuite> <!-- testNGexamplespkg.TestNGDataProviderExample -->
