<?xml version="1.0" encoding="UTF-8"?>
<!-- Generated by org.testng.reporters.JUnitReportReporter -->
<testsuite hostname="BN1STN2LVHPC4" failures="1" tests="8" name="testNGexamplespkg.TestNGBankExampleOne" time="0.024" errors="0" timestamp="2026-06-04T08:19:49 IST" skipped="2">
  <testcase classname="testNGexamplespkg.TestNGBankExampleOne" name="getForexCard" time="0.000">
    <skipped/>
  </testcase> <!-- getForexCard -->
  <testcase classname="testNGexamplespkg.TestNGBankExampleOne" name="printCard" time="0.011">
    <failure message="expected [true] but found [false]" type="java.lang.AssertionError">
      <![CDATA[java.lang.AssertionError: expected [true] but found [false]
at org.testng.Assert.fail(Assert.java:111)
at org.testng.Assert.failNotEquals(Assert.java:1590)
at org.testng.Assert.assertTrue(Assert.java:57)
at org.testng.Assert.assertTrue(Assert.java:67)
at testNGexamplespkg.TestNGBankExampleOne.printCard(TestNGBankExampleOne.java:47)
at java.base/jdk.internal.reflect.NativeMethodAccessorImpl.invoke0(Native Method)
at java.base/jdk.internal.reflect.NativeMethodAccessorImpl.invoke(NativeMethodAccessorImpl.java:62)
at java.base/jdk.internal.reflect.DelegatingMethodAccessorImpl.invoke(DelegatingMethodAccessorImpl.java:43)
at java.base/java.lang.reflect.Method.invoke(Method.java:566)
at org.testng.internal.invokers.MethodInvocationHelper.invokeMethod(MethodInvocationHelper.java:141)
at org.testng.internal.invokers.TestInvoker.invokeMethod(TestInvoker.java:687)
at org.testng.internal.invokers.TestInvoker.invokeTestMethod(TestInvoker.java:230)
at org.testng.internal.invokers.MethodRunner.runInSequence(MethodRunner.java:63)
at org.testng.internal.invokers.TestInvoker$MethodInvocationAgent.invoke(TestInvoker.java:995)
at org.testng.internal.invokers.TestInvoker.invokeTestMethods(TestInvoker.java:203)
at org.testng.internal.invokers.TestMethodWorker.invokeTestMethods(TestMethodWorker.java:154)
at org.testng.internal.invokers.TestMethodWorker.run(TestMethodWorker.java:134)
at java.base/java.util.ArrayList.forEach(ArrayList.java:1541)
at org.testng.TestRunner.privateRun(TestRunner.java:741)
at org.testng.TestRunner.run(TestRunner.java:616)
at org.testng.SuiteRunner.runTest(SuiteRunner.java:421)
at org.testng.SuiteRunner.runSequentially(SuiteRunner.java:413)
at org.testng.SuiteRunner.privateRun(SuiteRunner.java:373)
at org.testng.SuiteRunner.run(SuiteRunner.java:312)
at org.testng.SuiteRunnerWorker.runSuite(SuiteRunnerWorker.java:52)
at org.testng.SuiteRunnerWorker.run(SuiteRunnerWorker.java:95)
at org.testng.TestNG.runSuitesSequentially(TestNG.java:1274)
at org.testng.TestNG.runSuitesLocally(TestNG.java:1208)
at org.testng.TestNG.runSuites(TestNG.java:1112)
at org.testng.TestNG.run(TestNG.java:1079)
at org.testng.remote.AbstractRemoteTestNG.run(AbstractRemoteTestNG.java:115)
at org.testng.remote.RemoteTestNG.initAndRun(RemoteTestNG.java:293)
at org.testng.remote.RemoteTestNG.main(RemoteTestNG.java:91)
]]>
    </failure>
  </testcase> <!-- printCard -->
  <testcase classname="testNGexamplespkg.TestNGBankExampleOne" name="bankLoginWithFaceID" time="0.008"/>
  <testcase classname="testNGexamplespkg.TestNGBankExampleOne" name="getCreditCard" time="0.000">
    <skipped/>
  </testcase> <!-- getCreditCard -->
  <testcase classname="testNGexamplespkg.TestNGBankExampleOne" name="bankLoginWithOTP" time="0.001"/>
  <testcase classname="testNGexamplespkg.TestNGBankExampleOne" name="bankLoginWithPassword" time="0.002"/>
  <testcase classname="testNGexamplespkg.TestNGBankExampleOne" name="bankAccountBalance" time="0.001"/>
  <testcase classname="testNGexamplespkg.TestNGBankExampleOne" name="bankStatement" time="0.001"/>
</testsuite> <!-- testNGexamplespkg.TestNGBankExampleOne -->
