<?xml version="1.0" encoding="UTF-8"?>
<!-- Generated by org.testng.reporters.JUnitReportReporter -->
<testsuite hostname="BN1STN2LVHPC4" failures="0" tests="10" name="testNGexamplespkg.SauceDemoLoginTest" time="47.841" errors="0" timestamp="2026-06-04T23:32:21 IST" skipped="0">
  <testcase classname="testNGexamplespkg.SauceDemoLoginTest" name="testValidLogin" time="4.281"/>
  <testcase classname="testNGexamplespkg.SauceDemoLoginTest" name="testValidLogin" time="9.159"/>
  <testcase classname="testNGexamplespkg.SauceDemoLoginTest" name="testValidLogin" time="4.640"/>
  <testcase classname="testNGexamplespkg.SauceDemoLoginTest" name="testInvalidLogin" time="3.882"/>
  <testcase classname="testNGexamplespkg.SauceDemoLoginTest" name="testValidLogin" time="4.662"/>
  <testcase classname="testNGexamplespkg.SauceDemoLoginTest" name="testLockedOutUser" time="4.434"/>
  <testcase classname="testNGexamplespkg.SauceDemoLoginTest" name="testValidLogin" time="5.092"/>
  <testcase classname="testNGexamplespkg.SauceDemoLoginTest" name="testInvalidLogin" time="3.746"/>
  <testcase classname="testNGexamplespkg.SauceDemoLoginTest" name="testInvalidLogin" time="3.918"/>
  <testcase classname="testNGexamplespkg.SauceDemoLoginTest" name="testInvalidLogin" time="4.027"/>
</testsuite> <!-- testNGexamplespkg.SauceDemoLoginTest -->
