<?xml version="1.0" encoding="UTF-8"?>
<!-- Generated by org.testng.reporters.JUnitXMLReporter -->
<testsuite ignored="0" hostname="BN1STN2LVHPC4" failures="0" tests="13" name="Test" time="0.156" errors="0" timestamp="2026-06-04T07:45:34 IST">
  <testcase classname="testNGexamplespkg.TestNGBankExampleOne" name="bankLoginWithFaceID" time="0.01"/>
  <testcase classname="testNGexamplespkg.TestNGBankExampleThree" name="carLoanApplication" time="0.001"/>
  <testcase classname="testNGexamplespkg.TestNGBankExampleThree" name="creditCardLoanApplication" time="0.002"/>
  <testcase classname="testNGexamplespkg.TestNGBankExampleThree" name="homeLoanApplication" time="0.001"/>
  <testcase classname="testNGexamplespkg.TestNGBankExampleTwo" name="payElectricityBill" time="0.002"/>
  <testcase classname="testNGexamplespkg.TestNGBankExampleTwo" name="transferMoneyIMPS" time="0.001"/>
  <testcase classname="testNGexamplespkg.TestNGBankExampleTwo" name="transferMoneyNEFT" time="0.001"/>
  <testcase classname="testNGexamplespkg.TestNGBankExampleTwo" name="transferMoneyUPI" time="0.001"/>
  <testcase classname="testNGexamplespkg.TestNGBankExampleOne" name="bankLoginWithOTP" time="0.004"/>
  <testcase classname="testNGexamplespkg.TestNGBankExampleOne" name="bankLoginWithPassword" time="0.001"/>
  <testcase classname="testNGexamplespkg.TestNGBankExampleOne" name="bankAccountBalance" time="0.0"/>
  <testcase classname="testNGexamplespkg.TestNGBankExampleOne" name="bankStatement" time="0.001"/>
  <testcase classname="testNGexamplespkg.TestNGBankExampleOne" name="payCreditCardBill" time="0.001"/>
</testsuite> <!-- Test -->
