<?xml version="1.0" encoding="UTF-8"?>
<!-- Generated by org.testng.reporters.JUnitXMLReporter -->
<testsuite ignored="6" hostname="BN1STN2LVHPC4" failures="0" tests="7" name="sanityTest" time="0.107" errors="0" timestamp="2026-06-04T07:51:44 IST">
  <testcase classname="testNGexamplespkg.TestNGBankExampleThree" name="carLoanApplication" time="0.01"/>
  <testcase classname="testNGexamplespkg.TestNGBankExampleThree" name="creditCardLoanApplication" time="0.0"/>
  <testcase classname="testNGexamplespkg.TestNGBankExampleOne" name="bankLoginWithOTP" time="0.003"/>
  <testcase classname="testNGexamplespkg.TestNGBankExampleOne" name="bankLoginWithPassword" time="0.002"/>
  <testcase classname="testNGexamplespkg.TestNGBankExampleOne" name="bankAccountBalance" time="0.002"/>
  <testcase classname="testNGexamplespkg.TestNGBankExampleTwo" name="transferMoneyIMPS" time="0.001"/>
  <testcase classname="testNGexamplespkg.TestNGBankExampleTwo" name="transferMoneyNEFT" time="0.001"/>
  <testcase classname="testNGexamplespkg.TestNGBankExampleOne" name="bankStatement" time="0.0">
    <ignored/>
  </testcase> <!-- bankStatement -->
  <testcase classname="testNGexamplespkg.TestNGBankExampleTwo" name="transferMoneyUPI" time="0.0">
    <ignored/>
  </testcase> <!-- transferMoneyUPI -->
  <testcase classname="testNGexamplespkg.TestNGBankExampleOne" name="bankLoginWithFaceID" time="0.0">
    <ignored/>
  </testcase> <!-- bankLoginWithFaceID -->
  <testcase classname="testNGexamplespkg.TestNGBankExampleOne" name="payCreditCardBill" time="0.0">
    <ignored/>
  </testcase> <!-- payCreditCardBill -->
  <testcase classname="testNGexamplespkg.TestNGBankExampleThree" name="homeLoanApplication" time="0.0">
    <ignored/>
  </testcase> <!-- homeLoanApplication -->
  <testcase classname="testNGexamplespkg.TestNGBankExampleTwo" name="payElectricityBill" time="0.0">
    <ignored/>
  </testcase> <!-- payElectricityBill -->
</testsuite> <!-- sanityTest -->
